<?xml version="1.0" encoding="UTF-8"?>
<testng-results ignored="0" total="1" passed="1" failed="0" skipped="0">
  <reporter-output>
  </reporter-output>
  <suite started-at="2024-04-10T17:54:35 EDT" name="Default suite" finished-at="2024-04-10T17:55:19 EDT" duration-ms="43870">
    <groups>
    </groups>
    <test started-at="2024-04-10T17:54:35 EDT" name="Default test" finished-at="2024-04-10T17:55:19 EDT" duration-ms="43870">
      <class name="selenium.LinkTest">
        <test-method signature="countlinks()[pri:0, instance:selenium.LinkTest@5f058f00]" started-at="2024-04-10T17:54:35 EDT" name="countlinks" finished-at="2024-04-10T17:55:19 EDT" duration-ms="43827" status="PASS">
          <reporter-output>
          </reporter-output>
        </test-method> <!-- countlinks -->
      </class> <!-- selenium.LinkTest -->
    </test> <!-- Default test -->
  </suite> <!-- Default suite -->
</testng-results>
